500
0 7265 9605 7431 2253 2830 3758 7601 572 8734
1 1090 9283 6370 3397 3303 6412 4589 6641 9683 8725 1301 3640 6234 4155
2 7170 8423 5290 45 9906 8275 1267 9399 2521 2396 4126 6014
3 6177 7428 6439 8391 5999 8368 1939 1715 94
4 8135 6599 1844 4149 9876 3222 6363 3548 3646
5 2595 3 1699 358 4807 3043 4201 1706 6371 3762 853 3353 1081 1981
6 8031 9575 6953 6219 4332 5203 4500 3447 5623 58 4411 3550 2879
7 5537 6049 197 4839 4329 8237 4591 1851 3420
8 4224 387 7591 2600 3209 7273 2930 893 5470
9 321 230 3752 9098 5836 687 7222 1497 2009 4506 2302 703
10 3584 3906 9094 652 1453 1069 1999 16 1018 5693
11 8611 5443 2373 8197 9832 621 5454 5295 8912 9840 5719 1080 505 695 919
12 1217 3396 9993 5454 5262 18 2867 4116 6291 7767 3928 1212
13 6367 3586 3844 1829 1668 2856 9289 555 9072 2418 3539 4692 3926 6616 2239
14 5218 2118 4902 1609 2217 6583 9401 3452 7775
15 4609 2701 9230 5809 8629 9334 3480 156 7615
16 4386 7875 9766 4358 298 9003 2475 5197 9739 753 1782 3736 9433 8858
17 3552 7616 1570 2758 6315 1909 5879 4439 90 797 5694
18 5576 4488 8363 7727 1616 9624 6904 6940 3676 6495
19 3363 8452 4388 5992 7308 1875 2485 7798 3385 3995 6142
20 5664 65 3138 5284 719 8913 6226 2483 2388 8344 3611
21 1640 716 5935 1168 8561 3248 7863 9976 9917
22 7043 3236 7050 2187 8747 1037 5677 9744 9780 1591 2072 5816 2906 90 923
23 2400 33 6113 9828 2245 3430 7889 2642 4531 7219 755 3032 1179 6941
24 512 905 5898 1675 2315 6637 1386 8178 1271 1146 1439
25 9344 4353 321 5891 173 8495 306 6195 8468 7318 3256 2394 9341
26 6086 9992 4810 1034 3019 4973 4624 4721 4343 5945 4282 6622
27 1441 9282 9989 9836 9452 3821 2256 2006 4182 312 6332 5309 4223
28 6689 6818 8901 8336 8881 1361 2419 4052 4508
29 9601 1515 4108 3213 369 9009 8691 8019 6325 9817 4476
30 3493 3594 9676 684 9108 4408 3292 7388
31 8032 9889 8899 8776 7336 2153 3819 2795 6550 3606 9688 1238 8570 3995 2939
32 672 8772 2885 6855 4169 202 108 9228 3761 273 7057 8538 2876 7964
33 3678 3009 9475 4939 5107 310 1915 1789 8542 7485
34 704 4453 1926 967 9289 3529 8173 6029 6319 3249 9014
35 9088 931 3429 4941 4815 6194 6227 9236 7899 2268 3869 7774 1119
36 6464 131 3109 1158 3435 6446 5392 2839 7355 3455
37 9157 839 4008 584 9432 2264 3002 1116 4062
38 5184 7426 162 4549 8394 7053 6862 7185 6323 5492 7894 5500 5246
39 6370 6852 4360 2989 5741 3027 8278 4855 9720 1916 2463
40 6690 6339 5893 7313 2132 1556 1749 6903 1500 3709
41 9121 7266 5633 4134 5000 74 9162 4750 6455 4026 5850 1562
42 2561 9507 8045 6165 535 4537 8027 4220 2110
43 5280 2051 5412 2020 4616 2344 9162 8277 9943 1367 1658 5629 8222 8799
44 7488 3745 4480 7880 8138 4170 8334 1873 370 2645 957
45 3014 1005 5744 8020 9142 8983 7609 9150
46 6688 9281 3526 2537 6446 9295 1680 2549 9078 2520 1753 6301
47 3841 9699 2031 3986 9427 7222 8599 7286 5275 2303
48 7488 6468 7333 6923 5612 3406 500 2999 5915 4380
49 2598 840 8683 8812 1805 400 3248 3057 9595 9691 3582
50 480 385 9732 6405 1702 9199 4565 3926 8598 1368 1816 4349 8286 8734
51 37 3115 9195 8909 6223 5009 9395 5173 9237 9662
52 3137 6500 6725 4071 2356 6965 5915 1692 9182
53 8448 4929 9538 1768 4265 8363 5075 8501 5013 1051
54 6593 7076 4229 4679 6123 1454 2931 9974 5240 2906
55 288 5091 5446 9103 8277 3285 2583 6070 4060 7293 3390 2303
56 577 2404 8330 7626 9165 6096 6451 2548 5909 3961 3132
57 5730 7043 164 9251 3586 1064 1387 7663 4978 6774 474 5565 8735
58 7045 1002 6124 2415 1745 9650 7633 4534 4825 7513 5276
59 3937 4993 1733 3654 7430 1000 5898 3307 5009 9238 5338
60 3135 4257 225 2307 8509 9125 709 1479 812 783 9649 5649 7549 1054 7551
61 8260 9830 358 745 4362 9490 2706 1203 2872 825 3674
62 7968 865 6786 6114 8673 8639 966 4230 7400 8585 9322 6185 5232 1238 7836 9855
63 2433 1187 3014 4362 7627 2097 4564 8181 4341 573 8607
64 1637 5544 6889 8873 4465 9976 4953 2587 9116 2783
65 7300 2981 1770 6666 5866 1933 1230 6831 7984 8725 5974 1018
66 748 5358 8399 8209 305 3419 7612 5277 1982 7550
67 1982 3742 6566 7335 8902 105 2957 5742 1327 2226 722 7668 7736 4094 1278
68 803 388 9475 7625 845 5392 9211 8638
69 1472 6532 3333 582 7689 5674 2095 2803 8956 6493 5758
70 3778 6020 2982 6700 4110 878 3568 5941 4154 4924 9951
71 4450 9957 4902 2951 4935 4485 6249 6987 9100 6358
72 6179 4675 8229 2794 2604 4973 9871 8981 5398 5368 3737 8092 1436
73 8682 5165 8141 1069 4851 6611 5875 5527 5496 8062
74 4576 8288 6339 2536 6680 2650 1530 6523 1372 6815
75 5950 9731 2085 4361 2858 3563 4107 8173 9708 4115 5853 1854 5342
76 1318 2120 5608 7852 3889 7283 1363 7292 9629 4670
77 7235 1254 2791 2025 7918 657 6706 1879 9081
78 5126 8198 648 4269 2098 9652 8244 9239 3224 2905 8858 4799
79 6111 1859 2884 1098 4394 1994 8147 726 3292 9661 2431
80 608 965 1000 1129 1933 5040 9041 4083 7324 95
81 7777 3841 2305 9569 2853 6249 9291 5421 1264 2232 9658 8989
82 9730 9477 9383 9551 9681 8019 2739 8502 4825 3933
83 4513 6401 4325 3110 1000 1418 7404 7920 2326 2648 1278 3679
84 6722 3877 5192 2636 8239 240 9424 3059 3256 1242 6267
85 3263 2433 2623 931 7652 4933 3304 5995 7597 1458 9749 1725 3455
86 1216 1345 2020 6500 5672 6090 6187 4395 8971 6062 7671
87 9154 7566 1071 7376 6926 1649 7612 3197
88 8102 8392 2089 6889 9195 3756 2189 8496 2386 5975 380 3485
89 6144 1862 5229 6670 9614 3378 4053 7351 3452 2685 6462
90 6529 9412 2885 3829 8757 2680 4536 1211 4733
91 6883 4938 1005 1391 6864 4657 243 5045 9429 8700 4894
92 8352 3873 804 6437 517 712 2158 2702 9936 8658 916 2805 7158 4566 2265 8922 5275
93 1440 3553 4869 7335 7465 4142 4690 1016 2712 6204 3518
94 5792 7748 8805 6614 4600 4505 4570 5850 8600 9721 2846
95 6308 1992 3977 3532 8140 1905 2098 8563 3827 2516 5011 6486 4767
96 2494 4707 676 5831 2603 2763 8046 3536 2864 3669 7575 1495 6173 1213 6973
97 9408 1608 5165 174 8657 9430 7031 7638 1917
98 7169 5320 7214 4559 8432 1775 8690 1809 635 8892
99 483 6056 4714 9744 1268 4440 3675 6783
100 7840 4672 8164 6437 5386 5772 2509 3217 2260 8025 1886
101 3329 2086 2570 4527 9780 2742 4694 2172 8479
102 5376 7941 9990 5288 266 2412 9232 9490 754 1176 5597
103 5158 6345 4618 3115 5005 3312 7768 9277 5789 3102
104 6823 8455 7469 7981 8175 8242 980 1914 827 3164 30
105 8768 9570 8969 2505 9739 3084 8715 2193 3762 6133 8950 9749
106 2208 2116 8424 4202 2030 149 6165 7191 4217 9114 8477
107 5536 4129 4098 6339 7172 9510 3208 6793 2989 8661 247 9944
108 5001 9421 334 1808 9811 1812 5300 1975 5726 4511
109 2663 6664 1550 9423 9043 6517 9464 4922 8379 6140 2620
110 5702 615 5514 3819 6474 2541 207 3188 3317 3702 311 2357 2489
111 418 485 902 7749 1576 3014 3818 3185 21 7413 6011 5948
112 5474 8771 4655 8657 4210 6357 151 1947 3484
113 7072 6497 6277 5641 9962 5260 8506 1882 893
114 9632 2049 4322 461 6126 6265 7804 8957 5343
115 6752 4768 197 9513 3689 8718 2863 9235 9430 316
116 7104 5824 6888 4682 3275 6125 7983 8849 1044 2804 9397 6233
117 265 7663 593 5143 6232 3512 7516 7772 9054 124
118 417 6180 5829 3433 4202 1162 2350 6711 9847 1209 4924 6334
119 9985 836 2085 4005 1735 3562 3115 3275 5425 5714
120 481 7588 6149 1446 7237 5035 9548 6637 5397 762 6877
121 2399 1250 3815 5738 1579 5936 5682 2649 3515 3037 7007
122 7554 6502 6924 5102 5682 9524 8948 3191 6583 6813
123 1601 7522 5986 5925 9415 1415 8041 2762 1835 6827 1485 5009 6879
124 259 2468 7402 9548 4493 557 2993 6263 4764 8094 1119
125 1697 6856 2474 8810 9835 5645 5579 1460 4886 1431 8089 9883 7997
126 611 520 7274 6540 9199 7567 8757 1654 831
127 3552 4736 9282 1571 1927 8583 6953 9451 2062 8179 664 9147 3708
128 5321 8394 2569 1803 8492 9966 2704 8565 408 5690 5115
129 2659 1316 167 2892 1004 1164 7663 7989 5816 4217 2139 9148 1182
130 3749 998 9893 7881 3151 1718 8310 3899
131 3169 5191 1932 9773 3308 2060 2736 9274 6714 3898
132 6148 7182 785 9490 9907 4946 3863 8984 2137 3066 9915 6461
133 738 9637 4583 9322 9706 2768 8915 8055 6744 5625 696 924
134 7974 393 6890 5004 7919 1807 2129 1490 3764 3416 7773 8829
135 6784 6597 7913 6319 437 7673 8158 9694
136 98 7141 6189 7566 5709 5326 977 1136 979 5172 1818 2875 955 3359
137 7328 1992 1427 7540 5396 3637 8884 5791
138 707 5542 7467 1581 4527 5584 9812 8949 1654 2616 2585 8123
139 2111 4195 7652 8007 6985 1617 7762 946 2354 1589 510 511
140 6528 3841 6146 2020 6410 3536 8273 5080 6297 6555 2462
141 6217 650 7883 2217 2544 242 9779 8633 5529 9087
142 9021 6305 3939 4231 8624 3637 2358 695 730 3933 2334 3582
143 7332 8972 3829 5877 2457 7578 4667
144 8161 4292 300 3185 1011 149 9718 5879 3677
145 8547 9677 2798 9937 2451 4403 2550 3958 1658 827 8318
146 2017 34 3395 7396 706 711 4715 5807 4147 7161 6554 3802 3100
147 7812 2726 8331 9744 8920 6617 666 4475 6808 7805 3293 8634
148 7395 8293 1894 1837 9518 3473 2581 2457 5310 4606
149 6462 7521 518 6636 1549 2828 3602 9011 9492 8722 407 8503 9115 2206 7902
150 4391 7080 1929 172 1613 2511 3387 6588 8285 8382
151 5125 4361 1486 6193 6805 6966 213 3320 6328 1498 2399
152 3876 1860 2215 457 2986 5676 7661 7698 5459 9268 5588 5721 5146 733
153 1952 3271 4971 7501 5844 856 9080 1626 9179 9785 7198
154 9031 4071 7947 2541 2862 5357 9430 3001 9694
155 4672 737 7426 6275 3078 203 4945 1427 280 5403 7899
156 226 3363 1157 518 7813 4811 7403 5582 4559 1556 8924 6557 2014
157 8353 8418 5058 740 4874 2507 7221 9175 7869 158
158 4929 2989 685 2673 5809 9073 9044 5238 9750 6454 9498 3772 4284 5438
159 4192 5313 9669 5958 3495 4016 7988 9432 3608 6874
160 4609 2502 4329 1170 5494 375 7992 5755 156 4254
161 6214 4582 4039 3888 1336 3065 9913 9561 8024 7709
162 769 104 3497 4589 8273 3858 5715 5556 4245 5971 7767 895
163 6176 3329 6370 4259 5895 2541 8527 3798 6519 9849 3646
164 3553 8296 6056 7754 2795 591 8144 7860 8597 4823 6040 9214 3135
165 6947 7177 6826 4555 9229 4207 6420 6072 4828
166 2945 8257 9063 7208 2570 7499 1779 8179 7829 4407 9399 9466 8188 1277 2589 2142
167 196 9545 9546 6028 750 3345 2194 1363 3987 5558 3799 8735
168 8675 6691 2725 6536 3883 7470 6256 2970 766 2110
169 608 9699 4167 745 1196 7056 4688 9618 2772 2102
170 3552 8099 4841 8205 7951 3856 8271 9559 4313 5820
171 4802 2693 1957 7848 1131 3759 3152 1524 1880 8250 1501
172 1568 7332 5478 4935 8205 3375 4530 4340 7831 887 1342 9502
173 384 2306 7811 3109 9160 7977 9514 5546 1322 8493 7317
174 5476 9575 2568 1131 1424 8914 5563 9275
175 448 1280 7713 5091 7080 6827 2891 8685 9360 6867 9974 3965
176 9763 9123 741 7398 9063 2539 9070 111 5781 3032
177 5473 7589 4425 9100 1462 7992 9981
178 2656 3297 992 8935 4942 7119 7477 2777 8027 7452 8222
179 6435 1124 2631 2476 303 3664 2394 9275 7228 1532
180 8865 1025 2277 3110 38 7849 362 4842 494 174 4048 3773
181 5122 1894 4776 8618 4845 4687 7024 8787 9043 244 4891 7004 350 2494
182 4865 289 7940 5608 6002 627 442 413
183 2310 4742 9449 1578 846 272 3283 310 6265 9597
184 4253 2529 1669 8133 8903 4203 76 9967 6768 111 4242 5239 541 9117 6014
185 1568 4616 1737 9224 5960 2762 6024 6229 5013 5114 5242 3101
186 2560 1506 9828 1510 5607 5064 2250 559 7312 9201 2782
187 5958 2822 7404 2928 9489 3123 4949 222
188 2529 7777 6819 8520 2377 5140 8282 6779 3899 3869 2395
189 9279 7203 6279 8200 3241 8426 3786 8429 7197 3358 2399
190 608 1544 3886 3695 8081 5169 8756 7190 1047
191 8070 5834 7788 8844 2126 5683 5012 1652 4375 4121 8218 7356 4959
192 1543 4777 5901 7309 847 1808 1933 9143 316 1630
193 9026 6499 2563 644 869 8359 8362 7146 1646 2830 3797 5401 1402 5628
194 7040 9158 7433 5932 5294 5870 4147 6387 8091 5083 3325 2299 1791
195 6082 6915 3588 738 1416 9106 9683 8726 56 3771 3163 4446 9567
196 8032 4930 9539 485 8040 3177 1521 8659 60 7005 2719
197 5376 3526 524 9421 4532 8277 3319 6648 6556 7839
198 3875 9349 2183 2887 73 3858 435 9074 2773 8819 5783 6587 1661 1021 8573
199 352 802 4035 5059 7238 1097 1357 3990 695 1303 3385 4826 7131
200 4736 9152 4194 2786 2147 3087 2673 5654 7479 282 3804 7772 6205 2175
201 3393 5603 4356 5161 2377 7020 2413 6191 3292 2941
202 2016 8675 9606 967 8199 5674 8173 9202 8052 2039 2682
203 7233 8226 5347 4004 869 8105 4362 43 6157 9805 3086 3325 190
204 2882 6375 8265 7594 1132 6508 1358 3148 719 754 8535 8794 7645
205 9988 621 9935 9616 7601 7698 9043 4149 9846 9528 7897 9819 735
206 4864 9090 9352 7213 7632 9936 1973 9081 9883 1566 3774
207 2465 8098 3651 5188 1061 5902 2512 4722 6324 3829 4309 2392 7705 4857
208 672 6274 1602 6819 6409 9579 427 3152 9809 9874 3795 1717 8154 5820
209 2623 7394 9443 168 4466 4211 5781 502 6357 2806 2047
210 7299 8453 4551 7272 935 8714 39 9518 8622 6961 2194 5244 5469 703
211 8416 8112 5360 4440 8441 2554 5563 7292 8156 4761
212 4195 4068 5125 2119 338 9363 9977 3193 5563 9789
213 9984 4643 2406 4966 6598 652 2158 9551 7825 9873 6259 4691 6806 3226
214 6752 3329 450 3554 3493 5990 9739 6029 6225 3155 7831 55 7384 891
215 9984 5668 357 7014 8232 4874 6801 8824 1691 859
216 33 2785 5955 7845 5514 8330 8398 9269 6391 4344 601 1019
217 6784 8133 8937 3115 7407 9041 7574 312 857 5337 3197 6014
218 5504 9188 8133 4137 2953 13 1615 5683 853 3382 2206
219 1889 706 2755 8387 2149 4871 9033 2634 3727 3089 9463 9016 4253
220 8385 385 9510 810 3856 6448 1555 5876 6714 5947 6331 9406 6526
221 1028 8302 9393 5522 307 3895 4061 6974
222 9921 9955 3107 2309 6918 4102 296 3945 4036 676 9133 8721 9489 6324 2327 6909 3806
223 4514 8363 3948 8493 9966 7823 4085 59 2654
224 9251 7972 9829 393 9356 7572 5717 1112 3321 4379 7996 2495
225 2049 7917 8941 4530 1970 4438 2327 473 4284 4701
226 3777 6050 5313 2500 4839 1838 402 2644 277 9305 8254
227 1024 5601 8611 2724 1801 5994 9239 5081
228 3587 8456 7052 3916 7379 2163 7063 1400 7227 2812 3101 5212 6655
229 7233 5349 3750 8330 8141 9135 5265 7348 1844 7255
230 8194 2601 5683 820 9077 8694 407 3355 5244 9628 2302
231 4611 8772 3750 8972 6606 1810 339 1468
232 5986 583 9287 8554 1963 6763 3821 3764 1718 6201 9630
233 8963 2021 4933 4779 209 8658 7862 1181 9118
234 3552 800 6181 9350 331 4972 4205 599 1884
235 7872 4674 6661 7880 6091 9741 880 2453 6806 6909 5086 4510
236 4736 5315 3779 4774 966 9068 8751 3057 7956 1559 319
237 1280 6310 7816 1704 6353 4469 4503 4569 3386 3706
238 5067 2092 9773 8815 1585 8755 8468 7861 5780 279 5175 8308 9240 8319
239 4641 2244 6312 5705 6697 5677 9039 3635 8632 3743
240 3 6501 7941 7307 3470 271 7854 5907 5334 8889 4380
241 6369 3427 1168 1268 6740 887 6040 1817 3959 6935 7038 7871
242 2754 2148 7685 1512 233 3121 8722 8435 5748 9654 3447 7480 5308
243 8289 3491 4996 7046 551 8623 7409 6965 2774 1149 5278 7327
244 4903 9703 5931 8172 7821 2255 8305 5689 2234 156 9021
245 1664 2850 1156 3141 1444 5012 9495 187 4062
246 576 9990 2856 4713 2891 5938 4922 9147
247 6470 8967 6984 2473 6922 3881 3053 78 112 9969 5973 7254 7319 1017 3549
248 1090 5545 7053 7597 5616 7313 2386 9202 8786 1978
249 7008 3362 9602 5414 4201 971 5204 6068 3990 5403 4765 8702
250 1121 6818 8067 6632 4713 5805 142 686 177 630 6905 9884 3356
251 7104 2211 838 550 5799 8748 752 8465 7025 755 6679 4344 4472 6364
252 5120 101 4998 2511 1551 7098 348
253 3426 7494 9616 3984 1714 9810 3511 1272 6585 2872 2651
254 8384 6178 7076 7882 4335 6991 9875 7799 5240 6686
255 2976 2306 2178 514 199 3721 5099 9806 2066 724 953 1115
256 1475 260 3877 902 9161 8011 1900 8597 1241 6330 7326
257 6560 2371 8679 9802 7276 9906 3380 4404 919 3963 1148 765 2878
258 1700 7080 7565 1517 6991 5584 724 9855
259 6597 4424 5770 4523 8203 5645 2797 4431 6708 1403
260 8804 6629 9156 5063 6857 7881 9835 4851 7964 8477
261 514 6983 7271 5738 3659 6381 8206 1937 9491 2133 7289 6491
262 5950 9927 3016 1614 2062 9169 7862 8952 9627 3198 7295
263 5281 9410 9250 8648 2729 8713 1260 4526 8404 2005 7800
264 6560 9952 3177 5482 3914 6540 3788 3087 4565 6774 9015 6684
265 5284 388 715 4972 5613 4526 5330 1939 818 9301 4054 5880 3485 1887
266 6880 7397 3176 1384 6538 9771 7278 1007 5199 2929 9587 8694 8986 5115 5887
267 7648 5793 3682 3592 392 2733 9875 9843 2837 6103
268 6590 9667 8739 1926 2639 5233 8819 6387 5237 2741 3870 6398
269 5795 9324 1708 5904 5681 1907 244 5077 3316 1081 9210 1694
270 9119 9377 226 6629 9638 1774 1551 3325 6142 7775
271 6466 7010 516 9990 234 6743 1304 7128 3386 9271 1307
272 4097 8419 2499 3814 8646 904 7721 7663 5043 6933 4375 8891 7614 6239
273 2689 7875 4069 2313 5481 3408 2514 3384 8155 1500 9311
274 7455 641 6977 9026 8103 6985 6058 8781 8465 2198 7607 2010 6555 9823
275 68 2727 2059 5165 8176 5362 6195 8692 7159 8538
276 3296 3104 8518 1863 4584 4166 5323 5072 3000 9849 7771 2974 7902
277 4675 2757 939 9100 8469 1816 4985 191
278 8511 7522 2630 8967 6056 7655 5103 3769 9951
279 640 9633 1186 6149 5126 1255 9384 9898 3052 1196 8560 6264 312 5788 8095
280 3392 2209 5890 3 8677 8040 8171 7756 3821 4432 1459 8147 4278 8023 3416
281 6145 7653 3238 3430 2821 6281 521 5491 9240 2584 7321 3772 2910
282 2243 7907 4615 6152 4712 6089 3213 9425 2039 3546
283 5760 2726 4646 4969 1290 937 304 7571 1109 4220
284 4544 5281 1922 2378 5772 556 2162 9236 6740 6292
285 6144 9826 8196 7174 7625 3668 949 5307 1435 3835 59
286 1537 1665 9410 9512 1833 8362 8136 1841 6261 1659 8703
287 8738 5187 6884 8258 4551 4777 202 9001 1963 4176 3193 1947
288 8064 2594 5027 6404 4997 3913 5002 9835 714 6414 243 1623 1886
289 1216 6946 6822 7368 8233 2603 939 9677 5808 1777 2260 4821 1622 8852
290 7968 5825 7298 9283 8964 4714 2317 592 4628 5588 8282 4346 4986 286 1247
291 8931 4998 689 4149 4823 6776 2840 4120 8220
292 7649 9125 6534 6121 297 523 3980 5168 3665 8756 3160 4282 5082 5755 8478
293 6817 6084 357 518 5351 3373 6798 9615 1968 4627 2899 1463 8093
294 4448 9312 800 9504 3022 2896 8340 4503 5597 7869
295 9408 8163 9928 9739 8369 1046 8923 3613 1341
296 7968 321 7777 9217 7936 2249 8105 9036 2700 5709 9551 7789 4248 1531 8511
297 2981 2149 4555 5005 3694 3220 7220 1304 3481 2204
298 128 4995 8933 709 4871 3365 9290 5420 1612 3570 7613
299 4770 7398 7975 7783 4333 1871 1295 5627 3773 4574 1182
300 8898 7266 6792 2345 1417 846 1584 3542 8694 5724
301 2883 1350 6673 7410 1300 6709 278 246 5238 3732 2781 6367
302 6784 9409 6248 1097 8073 7468 7768 1467
303 8323 8356 1731 4744 9520 8753 6838 8439 2681 1978 9018 5369 6683 7071
304 4865 2818 1635 9645 5454 8398 2485 3162 8861 4542 6941
305 515 6723 8901 1574 4613 1993 3146 7499 8556 798
306 6977 9314 4103 3984 7898 6682 9180 1533 2303
307 2496 4577 6560 6760 2026 4749 7344 4723 5523 1974 5919
308 6850 3 1989 4967 9385 7917 2222 2456 5433 9851 7229 9086 254
309 7974 3471 5552 9041 4563 4885 8183 7384 7577 2908
310 1506 4324 8837 4586 4778 6796 2766 6958 9008 5657 221 7807
311 6378 4048 5427 4244 1269 693 9047 6876
312 5700 9222 9161 9514 8943 5557 2390 5913 1050 1307 349 4639
313 2848 8068 3657 1673 4685 9133 9521 369 5653 309 9367 6908
314 6784 6656 2307 581 7175 233 5131 304 3603 4659 3644
315 9056 5026 1187 9962 1552 6226 5941 8022 7446 7574 8474 8958
316 3844 453 4006 5796 4807 3787 9556 7452 1438
317 6208 8066 4517 9131 8654 8565 8629 2492
318 4227 7146 5229 3536 4373 5813 8408 5403 1886
319 6340 8010 2027 5714 4023 698 5245 1309 8255
320 1859 868 3748 4774 9355 7535 9555 372 596 1334 1622 1336 8313 7166
321 867 3140 3368 9998 9519 6577 3603 7668 5015 7895 601 2106 9175
322 7585 6818 1185 3490 4423 6257 8273 1331 1403 9087
323 9984 4581 9352 1067 559 5523 789 2360 2041 8986 8381 894
324 8482 5636 4101 9966 1941 9720 3929 8347 2654
325 8133 6214 1515 464 6001 4625 7026 566 727 5943 3897 3002 9628 8574
326 8129 6594 1157 2183 2441 1995 3149 2196 4213 7416 1337 1019 8319
327 9887 9320 3272 5642 1581 3887 8756 890 3517 9439
328 387 6952 6441 3182 6128 4049 823 3836 1309
329 352 7937 193 6499 133 5190 3080 872 8814 9906 2674 6870 2615 7706 62 8159
330 8483 4677 4074 3820 7824 464 787 4150 9400 7741
331 3200 2948 4040 4463 7184 9169 6389 4150 2007 3097 5597
332 2401 2881 5506 133 9894 6312 4362 1965 4565 8919 3704 252 9055
333 9632 289 2790 873 8617 6571 1259 4084 884 4758 5562 2299 9947 3869
334 3234 3461 8743 4840 3562 4587 5875 4344 8024 9659 5725
335 1600 8962 6467 4932 3656 6346 8491 4811 5456 2451 5141 6197 8701 4575
336 8896 4128 1858 4964 3721 6990 4149 2614 9173 730 5915 9276
337 6368 8545 7042 8709 7911 3304 4176 9781 5206 3868
338 5571 2246 9099 4174 3534 4431 3892 7606 2999
339 2917 135 9193 2830 5359 3727 7953 3283 1205 860 4221
340 2722 8038 552 1738 7499 428 6511 1583 7120 6162 8505 5978 6651
341 6882 7559 6760 7177 490 3751 8620 3182 8753 7605
342 4874 1867 3242 8976 5106 7762 404 8339 8114 312 2202
343 2623 5097 10 8106 524 7116 5743 7408 8656 889 8572 9981 8414 7327
344 4870 457 9002 8906 1836 3980 3343 4662 7671 7417
345 7681 7138 9571 1988 5833 2386 9139 3668 2741 1462 4890 4927
346 9126 2151 8198 971 4171 8781 1455 1392 6356 4504 5500 8638
347 6913 8322 485 4297 2058 1609 620 7949 9166 4943 3030 25 2909
348 5984 2570 8778 4720 7665 7317 857 6684 4926 4927
349 7359 5794 8840 9899 3468 6734 5390 9968 5906 8884 4118 9656 5342 927
350 1185 4673 7266 4262 3019 3756 9933 398 9300 7741
351 8129 8997 5191 4744 9552 3222 8664 1980 6588
352 8578 3203 9 9833 1070 3119 7761 8788 9334 4539 1788 9182 4607
353 3648 6049 5095 3626 5067 5482 3374 82 6389 887 6648 5787 2300 8092
354 1152 5410 7107 5703 6571 882 1814 2267
355 5828 9893 8390 3272 9164 7341 9905 2642 6549 8506 508 3743
356 100 8388 5128 3336 8296 4492 6862 3186 7923 8501 5276
357 8863 8481 5090 1154 6914 8288 45 2192 6963 4052 6968 3672 1406 2463
358 896 6851 2917 9479 9705 3625 7660 4117 6646 2264 892
359 6121 2699 1867 1452 8270 8847 4144 4436 2998 1083 6172
360 8065 3078 264 6504 10 6510 6449 9810 3858 5015
361 8610 5737 1834 8875 2701 7182 7056 4722 7250 1817
362 4640 7720 4904 8106 3795 5942 310 2361 3450 3483 3197 478
363 8387 4743 7435 8651 8270 8047 5296 9425 3215 6675 5300 501 7542 599 5082 5626
364 4033 1762 5346 9188 1355 9229 6381 2893 4628 4501 6298 5405 3709
365 4867 4103 651 5900 847 5392 3614
366 3651 7078 7239 648 2504 8009 3820 1072 4912 2454 4535 4089 9306 4989
367 1856 3714 8420 8101 3366 7401 5293 2962 4659 3958 894 2431
368 5252 9421 5647 6703 7058 6521 30 2815
369 1887 8772 9703 4776 1095 8843 3823 2415 4466 5718 1918 63
370 3298 2788 9160 4048 6097 5456 3093 3161 4250
371 9380 5668 839 3786 6986 6604 655 3345 881 756 280 6904 5978 6970 9821
372 1251 8167 9898 9098 7314 5714 2004 4595 8724 311 3642 5116 541 8670 8990
373 128 7681 5858 8707 2148 1029 9323 6219 7280 4567 7804 253
374 5766 903 7016 1320 5642 2827 206 5969 1778 3956
375 483 422 7175 2257 2359 3735 1691 4511
376 1087 7268 6150 839 4744 6509 9935 5906 2334 7199
377 5953 1796 3495 7342 8849 2006 1532 6941 669 6655
378 4515 7275 7211 9103 8503 9657 2491 3739 8989 1630
379 6019 7751 1159 681 1416 6668 787 7353 9821 4318
380 3972 8900 9001 1516 1997 8398 1747 9459 8029 8415
381 4771 331 6539 4653 3055 7119 2775 4860 6334 2143
382 4383 3073 9027 5156 5095 7276 3981 143 5104 5840 7474 7673 4698 6681 2332 4287
383 2945 5987 4676 5672 521 6409 4821 1592 8350 9311
384 2980 4772 1034 235 940 9402 3354 7103
385 1317 4876 6609 7249 1235 6042 7227 2173
386 1027 4007 42 749 6928 2005 6201 8857 5629 9119
387 7903 4063 9634 935 1132 6029 7151 8112 3408 7027 5686 9884 3551
388 1315 5988 6791 9482 6063 4340 2935 6552 9983
389 8031 1029 3277 9038 6927 882 4856 1628 7325 2687
390 8288 8418 5315 2148 2855 6503 4106 5164 4334 8623 6001 9907 7443 6293 2870 8476
391 3586 5538 5827 2758 1000 2225 6034 3217 6746 2847
392 4673 610 4194 5893 9423 6223 7922 8466 6424 6939 3611
393 2694 1962 5643 9164 268 4556 2701 6928 7627 276 2777 766
394 5029 5674 7979 9194 7123 8147 7571 7254 7545 1467 636 1372 6911
395 7904 6279 5610 9586 563 2293 2998 9880 8926
396 2887 3401 5738 877 4558 2543 4689 3027 7256 7161 954 5277
397 2053 6632 8042 9295 7187 4982 1015 8767
398 6496 4640 3778 9348 4650 43 6829 3693 6324 5943
399 8035 9093 6279 6215 5706 6897 6357 3032 2015
400 357 2281 4235 3952 8209 2963 4055 6713 1627
401 4545 9416 8011 6956 884 1525 7189 4890 4926
402 1571 9987 2309 9450 141 685 9329 2165 1878 3485 3070
403 3168 4708 6212 3976 2729 1578 7341 5651 3770 4287
404 1024 3811 4199 7723 8172 8653 2640 146 8082 9501 1597
405 8672 6882 2691 2853 9082 5084 3325
406 2568 6728 8971 5042 7540 8469 3351 8540
407 4869 7718 7365 6248 5194 9004 2478 2448 5904 4787 7284 3092 9658 8029
408 1600 6655 4514 1543 3271 7953 50 7484 7967
409 163 7237 5127 3145 8937 3211 718 2099 1108 5909 6363
410 7200 3362 7818 5040 16 4819 4691 8565 4315 5372 959
411 5216 2882 8230 4646 8486 137 7885 2318 4847 5527 792 2491 6142 3518
412 8007 1000 713 3977 8430 1137 2196 727 9405 8382
413 4160 3905 9762 1952 8078 8399 7472 6673 498 5465 6779 413
414 3749 4965 1671 648 9161 5421 2893 6672 8657 9975 8375
415 9249 6471 6248 6254 6642 3762 4306 7095 7767 7676 4030
416 5699 3430 4134 9161 4913 4850 1272 9464 3226 9403 1048 9501 8894 2137
417 6209 2246 169 1995 5902 277 4663 3448 9145 3135
418 3360 5506 9059 3910 8841 9547 1259 7344 5456 2929 8405 2486 7097 3098 4923
419 3744 3746 37 2725 1767 9675 4572 1245
420 5086 1187 7172 8932 3016 970 7884 3378 8949 4285 1053 2462
421 7040 2561 866 6082 6986 8589 1326 430 8656 3889 8019 4925 4702 3039
422 2016 8929 6466 6754 5416 7273 5772 8748 6518 3543 9436 2492
423 7367 4328 6634 2766 3989 6165 9175 3963 4187 604
424 2852 196 6436 3527 9714 2421 2171 5916 7581
425 2816 3873 8740 5392 6385 7601 4819 2293 5657 3743
426 2432 3361 802 8449 6787 7648 5486 5871 4216 6811 4733
427 9603 5059 3587 1926 9220 2539 8172 3352 5628
428 6304 2785 162 2179 2852 4200 490 9263 4949
429 9379 196 9289 8233 9514 2863 6928 9718 4668 8479
430 4253 6279 2760 2857 9739 3949 8656 3697 6099 5977 9724 157 8156 3327
431 6689 9282 5219 1794 9199 783 6193 85 2326 7736 7544 1405 2237 3295
432 6335 6562 611 3236 9799 9996 910 7765 2008 6875 1020 3453 6331 4507
433 4132 5447 9065 5482 2026 1228 436 1335 6011 8766 8383
434 7396 5188 6214 1161 1035 1902 721 178 2420 6459 6140 797
435 2785 9446 3015 3079 3057 7187 1971 4919 5271 348 9759
436 7108 7493 8942 9071 1586 2995 8214 8601 6266 7358
437 1763 6468 5159 3562 7786 6796 7631 9552 9810 8659
438 1634 3078 8008 2313 107 9518 4303 625 6707 1877 3546 1247
439 768 8520 9324 7728 9620 920 4537 5307 7453
440 160 9410 1994 1260 5328 2198 4505 8794 4570 8445 2654
441 9668 5382 264 8845 2189 687 5232 6833 2843 8829 1982 3071
442 9314 4137 5996 3245 6668 1936 5459 8341 5877 2778 2426
443 3039 5153 5156 1797 3527 4552 4810 6604 7759 2927 7983 5526 4670 4063
444 8352 6528 9254 4329 8237 3537 472 3417 7002 3676 7613
445 226 548 3084 942 1872 5364 2229 6455 5019 5211
446 4226 9540 4612 9225 4556 1676 9903 3862 2999 4537 4089 3389
447 7650 4547 2725 9477 1707 4014 7761 881 3924 8893
448 8609 4451 9893 969 7593 9452 9202 9906 1941 2165 3259 6396
449 2982 839 7528 4744 3499 1804 2191 1555 6557
450 2628 294 5098 749 4175 7856 9041 9265 882 9523 8306 3320 6937 6618 1246 7679
451 5438 8001 482 9959 2601 3918 2962 2611 245 1144 670 1983
452 2111 319 4514 5023 9670 5676 3377 85 406 9238 2298 8797 7709 4479
453 897 3590 8266 5579 8397 1614 7025 7775
454 6657 5795 36 7846 5800 41 4652 111 8145 8019 3325
455 9221 4550 6346 6861 1653 922 8923 8542
456 2304 3267 1253 7367 6537 5385 2506 7278 9647 6993 8050 8987 5275
457 8097 2849 8995 1732 3813 707 3906 6479 1817 6975
458 4192 6016 2978 964 166 4711 4298 2411 9610 9425 8882 249
459 3263 1698 9507 9222 6280 7057 5236 2549 3157 8823 9978 7519
460 1697 3970 7461 4967 9896 9324 9871 9299 3190 4120 5592 3099 5339 2845 1342
461 5376 5153 6272 4194 2763 8396 654 8657 4754 698 2653
462 8419 2858 298 6381 1554 6388 4277 8789 5175 3384 7513 57 3805 4990 6207
463 8526 8110 9327 8565 5464 1404 6110 5919
464 9987 2916 3564 5741 5489 5713 7828 2390 6136 1117
465 481 6243 6184 4523 7955 1623 1528 9784 381 2783
466 6336 962 5060 1445 3462 5319 9096 9421 4180 6774 1212 4541 7294
467 5922 325 7082 4395 779 6959 6225 6130 4150 4856 3704 6493 9565
468 4034 3845 1800 9483 1580 9676 1360 1042 1172 3861 6038 6199 1206 7706 4539 8730 3999
469 4098 6951 5546 1163 1843 5716 7961 3450 8091 1628 9661
470 4291 2054 4618 3788 1484 7566 273 9429
471 7232 1549 8558 8593 3769 3643 8702 4030
472 673 9090 7973 8327 6280 269 974 2927 5649 5462 8119 9660 6782
473 322 7693 4241 1043 8660 1717 8983 7192 4954 4219 5564 9022
474 8544 2753 6464 2563 2148 645 5446 1960 4621 8884 8692 7318 2111
475 9856 577 6245 4520 2952 8819 6935 1949
476 5347 7267 9189 4711 7944 9228 144 5329 3093 2678
477 1217 325 7654 6475 8206 4142 8306 6934 3450
478 224 5856 8103 8937 4650 591 4977 7699 8983 1244 7742
479 8128 4426 4042 7948 1389 1935 7824 8184 830
480 197 3303 4842 1648 6929 6386 5938 8208 5876 2198 8794 7519
481 5603 2087 744 8139 8301 2734 4177 20 3000
482 2144 5057 609 3847 3752 721 6833 818 8082 2556 1437
483 3937 1511 9098 3626 5356 4014 6130 4791 6489 7390 1535
484 8128 7968 8518 9063 4552 4718 7663 8846 5168 1039 6587
485 8158 8033 7684 167 2569 1257 3760 9713 5074 1491 8919 8408 925 6110 5471
486 9765 3398 647 4904 1161 5129 9286 2668 6027 1839 5266 916 3677
487 9091 6023 5546 4746 6895 2928 9361 3954 1144 8571 4603
488 8865 1605 1930 8138 6702 3566 377 2139 1787 669 4734
489 4160 1858 3011 8006 582 2123 3244 589 7182 6934 8087
490 4385 6019 164 2851 7815 264 7882 3278 2895 2066 2898 6581 9434 9214
491 5763 9864 4533 1974 3062 4053 9181 9373
492 546 903 2728 394 5515 3981 9902 1425 6483 5556 7637 920
493 2536 9812 1493 9143 4247 892 9663
494 8194 7522 8292 6860 9293 9200 2005 7287 9624 5655 6430
495 9508 554 5963 4751 9234 8660 8025 5273 6491
496 1536 2433 9826 8547 6059 1594 3676 8573 4542 5279
497 1124 8004 9672 6058 4464 245 7193 3034 5532 8125 6047
498 3329 8131 3396 2249 7115 3761 8946 8723 6006 5303 9434
499 2436 5383 8264 5865 9963 203 6445 5266 4435 3349 8630
