100
0 2816 1949 7071 2591 9781 5047 4025 2235 7228 9406 318 4414 580 5189 9798 5324 78 2010 4955 91 5729 8033 4585 3178 748 6894 6254 5363 9973 4089 8318
1 3199 1158 8330 7181 1438 4766 9251 8229 4262 7975 937 2091 9774 9393 7603 4411 3134 6079 1087 2370 3908 4676 2123 7244 3661 216 1508 7657 3562 9963 876 111 7537 5109 375 2552 4861 4607
2 4484 9610 783 4118 4894 2462 5799 8622 7728 6964 2229 436 2230 7734 1728 4173 4567 9566 8804 9189 3558 7912 6122 2155 3050 8557 371 2548 5877 5879 6776 5756
3 7811 3716 9348 4232 5131 14 1168 8093 674 2726 423 7722 3755 2091 4021 2999 2487 5559 5819 1468 6338 9410 7111 1608 8921 478 8545 7651 2275 1895 3307 9454 9715 8820
4 1 9346 2693 9609 6282 2707 6421 9367 8087 3224 3866 9498 2200 4640 167 4264 9642 7594 8622 1328 2610 187 4156 8510 4545 3265 200 5705 6088 8270 5223 2791 1007 8702
5 2177 6660 7301 139 6413 2580 7065 7331 3754 299 5293 944 1842 5682 9907 1847 439 1735 2762 8147 7126 4442 7131 1118 3043 3564 3308 2675 9462 118 4598 1148
6 9088 1 1411 1415 1290 5260 7180 5137 2972 3230 5670 8231 1840 4407 696 8122 7356 6345 6474 9804 1868 1228 86 4951 2783 6114 4708 3048 6506 3178 4460 1006 4467 3198
7 6144 5254 1671 1416 4489 262 913 530 789 537 1052 8733 2206 2851 3623 5038 5679 2867 1084 9029 3909 4170 3535 2649 2784 225 482 9316 615 4715 7536 4977 4599 2811 8315
8 6915 136 1674 2186 4876 146 9372 7582 8991 8097 9762 546 7334 9511 8745 300 305 6835 820 9653 9272 3131 827 5441 6852 3909 1227 5069 5840 9683 7380 6615 2905 2917 998 9975 8571 8061
9 4608 4352 7813 6024 281 9760 4001 5543 2091 5302 1208 7736 4026 6330 843 9424 4052 1108 7767 2520 7644 1887 7526 4071 5095 9322 8812 2419 3702 504 8954 3963 7932 9595
10 5379 7693 6033 2324 9384 5419 812 556 5041 8884 3389 9535 1088 6338 1346 583 2396 7006 3807 1377 6243 8548 4197 6886 5989 2664 5865 112 2296 2425
11 8065 386 259 2689 5251 7310 914 2326 7192 1688 1951 9506 5668 6568 6315 301 6317 1582 8886 566 2744 5689 6463 4291 1987 7752 7251 1108 8665 9694 6371 6888 9204 8308
12 6528 3334 9992 6539 8971 5775 8593 6931 3860 279 8602 2842 6430 2207 5026 9508 3114 43 8746 1070 6447 564 9397 3263 7236 6092 7117 3277 3919 2128 2006 7895 7128 6362 3297 6638 8437 2555
13 4357 6281 3338 6027 657 273 4755 9110 6431 2857 3498 8235 7085 1459 6965 6712 6971 1088 3523 1092 1611 2257 3166 7775 8162 2020 7016 7148 9456 4085 6391 889 7545 9981
14 2180 7431 6026 7564 5901 1556 1560 4505 5929 3246 4913 3381 59 5440 6723 580 4041 6603 208 9813 8033 7653 6376 2546 2805 4088 5624
15 4225 9987 9990 8199 6154 1425 6162 5658 7578 7709 8352 1708 6830 4020 7349 6845 6337 5313 4165 4942 4689 6996 7639 3163 7901 1117 7648 8803 4714 4587 8046 4465 8562 882 505 2558 9343
16 2178 9991 3849 12 658 9491 5021 7334 4651 6448 562 9030 9554 7636 3545 6109 5471 3041 2402 8291 9576 7145 4329 8173 113 5619 1268 3957 5883 7931
17 7556 2440 4104 654 5264 17 8984 5789 7200 1314 2467 5288 2346 3115 3759 2864 1458 54 5692 574 194 7874 6740 8414 5733 4966 3047 4712 3052 8186
18 5121 9608 394 9106 7186 4116 2454 1559 3224 5794 9507 8234 2862 4785 7480 3010 5187 5447 1864 3658 5968 339 2901 8153 8931 9703 4850 3700 8181 2549 5623 2939 5758
19 255 8834 1160 9869 2062 5008 660 5652 8086 8089 2842 3107 6185 5675 8364 3632 4531 2102 5175 6583 445 6080 9157 3144 5841 7895 3673 4956 4063 3167 489 7929 249 9083 383
20 1024 6414 3092 9382 9010 8370 9911 8124 7870 4927 3264 8512 8000 9925 6597 3271 3525 1099 8909 8406 1112 8409 1500 7651 7531 880 7792 3315 5619 6904 2810
21 1668 2564 9608 5514 2576 788 5268 4248 3993 7072 9251 1829 9005 8240 6579 2485 2106 5434 5435 3136 8398 8920 2780 1885 8158 1246 998 9703 4714 7146 9196 8173 2676
22 4744 4489 1557 8606 800 3495 7723 1838 2610 8246 1974 185 7483 1341 9789 5574 5447 8134 465 7765 3159 6874 9186 4196 7659 4203 1904 8176
23 9988 773 9225 8458 3977 4237 5392 2960 1813 6549 8599 9630 7456 2471 3757 1199 7218 1340 3400 76 4694 1755 2524 8924 8927 2783 2022 7911 2539 5867 2288
24 2052 8331 8849 1299 2966 5788 4512 3491 8487 4780 7600 1719 5561 8637 1982 2879 199 5193 978 6870 2391 5599 1380 9959 1000 3562 4976 8054 766 7295
25 3716 1286 1801 3081 1420 2958 9871 4625 2074 1824 7083 5421 4148 1204 8247 4664 7744 965 9158 199 9800 7507 9429 5464 1635 5865 9324 5358 751 7154 6004 1653 3835 5118
26 7808 1027 3204 1544 9993 6925 8079 9747 5908 1046 8740 7337 1321 3883 9390 3249 7989 8760 5955 3913 203 210 1113 9434 5081 2909 3939 99 6375 8043 7278 1139 6778 4731 2175
27 9732 1668 900 786 5395 8595 404 9882 1820 6559 1448 6954 1202 7093 5695 8640 4289 3652 3782 9287 8272 4048 8152 7771 8416 8673 6884 2667 7532 4469 630 3703 1144 254
28 7559 8 2185 6026 8978 5266 9238 8215 7449 8988 8997 4775 5290 6188 9900 4275 7988 2995 1593 3263 7875 7623 9799 6877 2661 3942 5870 2544 4209 1393 8691 7157 5238 1527 4344 3068
29 4740 1157 5 7560 4881 6164 7701 6694 5160 2860 6323 6964 6329 701 9535 4416 4159 8513 6981 1734 9930 5075 3411 2392 2522 612 9448 8046 9072 9718 7160 377 5756 7165
30 9731 1929 3339 5900 8204 1163 5530 6810 7967 928 1442 6698 9387 6571 1965 8622 5552 4925 960 8389 5317 1362 8916 470 1495 5338 6878 4204 1133 3824 625 3188 3444 4602 9722 8573
31 5504 3464 2697 1293 9869 5145 4127 2477 51 6603 718 8145 7507 347 4836 997 9062 4585 2411 8944 4849 5750 8566 3062 8699 3837 9342 6781
32 6657 8449 8456 7951 4120 8217 1690 7326 926 5923 3111 4655 4273 54 3257 3514 4027 4423 6344 8912 7894 3417 8282 5084 7390 9183 4709 1135 8559 7537 4723 2676 6140 2302 3455
33 3584 7170 9232 9745 3985 4634 1700 7102 5694 703 1220 2501 7110 8775 585 9932 3416 7260 5470 5599 9705 108 7021 1006 9327 8824 6395
34 2304 7809 7554 3843 7686 138 4747 6288 5265 1811 3092 3477 407 6310 5801 1451 6572 5293 4142 9388 7349 9157 6217 9676 1875 7764 4440 1244 5981 4702 8413 3816 4329 235 3821 1006 1903 3186 7929
35 3588 3462 3335 6280 3208 10 5778 8339 6037 5143 1179 9761 3874 2851 295 4139 9900 5677 1583 3763 3129 8635 4924 1604 1990 4038 9930 5841 2908 3165 3294 9054 103 8439 7033 511
36 5632 9091 8580 3 520 8073 9102 4882 2450 4515 4390 6571 6445 6454 5046 7096 3385 2233 4541 2635 8141 592 6736 8661 1757 5728 4068 8293 8933 9446 6003 1140 3957 510 5247
37 515 9988 5509 9606 6024 7182 3225 4506 4123 418 8996 8740 9262 2226 3893 3643 575 4556 1870 3158 2266 6109 93 9712 2684 7421 9726
38 2947 9607 3213 8590 7318 3865 3354 6042 1947 7076 2599 7100 1597 5182 4544 2243 9803 5708 3275 6480 9171 1492 5975 228 7028 6773 1786 893 9983
39 4867 4231 5139 3735 793 4382 9887 6438 5162 6579 5943 7101 4801 8395 4429 973 8531 5077 9558 8024 1626 5982 5345 4193 8805 3430 8808 7400 3824 7028 4853 3572 3703 4084 3069
40 9986 7816 5640 8329 9239 6425 8349 1587 5047 2872 4038 1224 459 3152 6360 8154 5211 1116 5086 2655 4704 3040 7139 2533 1254 2408 1130 7537 8691 7159 3704 9079
41 4104 3340 4240 658 9621 1941 4118 5149 5150 417 33 9765 5928 3629 945 6322 2098 5939 2869 8502 2487 2621 3528 4426 7762 3668 8930 8695 1275 3196
42 4482 2821 9990 1031 2053 6419 404 1428 8212 7447 9629 9502 3746 9252 9382 2988 4781 3760 3526 7111 3273 5578 1355 4686 1493 7008 2154 877 6254 5493 1656 2042 9085
43 4480 6920 3850 7819 4879 8079 1939 2462 6689 2341 432 191 454 7243 1100 8139 1995 5587 5976 9827 1894 3686 2283 1267 887 1783 6521 122 378 8312
44 5380 9989 6920 3599 9106 3476 6555 6302 7467 7724 184 5951 5830 4679 2380 3413 5078 2391 5848 2397 2655 480 7524 4077 5102 4978 5620 3193 1532
45 6149 9352 9 1172 1044 1944 5273 2328 8221 4131 7848 4148 4534 4025 5434 6723 4041 7370 1995 5836 9421 2893 7382 2522 9820 6495 3552 9956 8296 108 9968 6134 3836 2431
46 9601 2564 6149 2821 2057 5134 4384 8096 5160 7593 1710 51 6196 563 8251 6717 8768 2752 2633 9549 5711 468 1622 9952 359 4592
47 6280 1166 6159 7062 5019 156 6184 5423 9649 2869 4282 5694 8905 8779 2765 2001 4434 6613 8661 4444 6622 7015 3559 4457 7279 4594 633 9212
48 2048 2305 2310 1801 3084 7441 5521 9618 8340 6166 7839 8227 9766 6825 9387 3244 8623 436 4917 1852 193 1733 3152 3920 9687 4712 9195 7022 4464 9972 8310 3577 7165 9598
49 2434 5127 1293 8463 19 7829 671 8484 3237 2474 1068 4397 8749 6060 8244 8885 7996 575 2115 3268 9925 9798 1352 2380 3279 7121 3797 7897 7518 865 737 1398 2423 8187 7678
50 3329 4100 262 7436 6419 1686 2968 3742 8489 4141 6703 6706 6330 571 65 8134 4426 9931 5843 4187 860 8933 2150 1767 6886 9833 9588 1656 3577 6394 2171 3064 6654 4094
51 5634 8194 7050 8845 3857 1301 2327 8475 3237 2727 8619 1965 1966 6959 4656 9268 8248 9016 8120 315 4542 449 5446 9804 3547 4836 7525 6373 2791 2020 2413 1903
52 8451 4740 8838 9354 4239 8848 2708 8601 1443 4518 5544 6441 300 4396 2865 1330 5954 7748 4808 5194 6861 8534 9053 222 5477 9193 1646 6001 6132 2172 8572
53 5504 385 771 1029 8325 1034 651 8333 4880 6548 4888 3486 8739 1321 9513 559 2224 2359 6584 2882 4807 7892 5589 4692 4949 7898 5858 8676 229 104 2792 3563 366 2288 8309 6391 1531
54 9220 3976 9868 4749 3982 19 2839 1178 4764 414 2719 3624 5423 2863 182 2494 1625 89 4443 3805 7909 7529 1901 9838 7282 8563 6906 8575
55 8321 9601 6539 268 1549 1039 7954 6291 7445 7446 8728 3992 7453 2591 3616 6561 8232 8372 4925 2495 8896 2373 4424 715 1740 7503 3030 9304 8285 6621 7007 4449 7267 6643 5875 1655 5759
56 6022 1163 5772 5389 5519 19 3349 5015 3609 9626 8733 8483 935 6825 3242 1582 3895 3897 2375 5448 9416 4560 9168 4332 5486 1519 622 2294 6393
57 7551 8832 2308 6920 264 9097 7179 1424 5654 671 41 7599 7609 9793 2756 4554 6225 2517 7262 4578 4835 612 3174 9319 4326 2537 9581 5102 1134 3824 8558 2677 8441 3066 2687
58 772 6533 1547 5389 3729 4249 4636 1570 294 5928 8367 9267 6330 1211 8892 829 6207 9025 6850 8777 2889 5965 5838 2525 3806 993 1891 1511 2411 2283 8044 4596 3702
59 5381 7557 5767 6922 6797 4109 8465 6290 6674 4633 1435 412 285 1821 5409 9508 4900 4644 7975 1192 6698 6064 6577 703 8767 9420 9421 6735 6865 8928 9443 7268 6760 5224 8683 7019 6765 4209 5108 4095
60 9858 1671 6794 6541 1426 1560 8618 5304 2874 5179 188 3270 586 1100 3797 2017 1761 9057 8551 5992 757 7671 4727 3705 6526
61 4999 520 2442 664 667 924 6301 6940 8605 7453 9505 8737 6044 8490 812 4534 3648 1346 6730 8269 5461 5976 1636 358 9703 3186 503 9207 2171 7931
62 2689 8713 4364 9999 911 1553 1042 2208 4518 430 559 9393 2486 5431 4407 3896 6200 3785 7890 7892 984 1498 5471 7647 7393 2155 3948 5997 2414 6896 5755 5884 5374
63 9217 3338 9360 3092 5915 5531 1572 3254 9656 1976 5182 576 449 3010 2755 1867 2764 4688 3029 599 1880 4441 2777 1762 9834 109 9453 4092
64 8327 6409 404 4760 5148 9630 6050 5799 1448 4009 7598 6831 2223 6066 9267 2994 440 2242 7108 9180 2910 7397 9960 8428 5229 497 9846 2553 124 4862
65 1152 387 3591 15 6035 6038 8726 8477 7072 1057 168 8237 318 1860 9413 454 5958 6980 3913 5322 6986 1363 600 88 9050 8794 2656 5220 6121 8938 240 1649 2801 760 4090
66 6272 5511 6664 8329 3977 3341 6031 3345 1557 9622 2713 4250 3226 5280 7719 1064 2351 1203 8632 4280 322 7118 9295 1746 3545 3929 2397 8930 3429 5101 7671 5625
67 7424 6400 4098 0 2692 6025 7565 9230 2191 9235 4630 6806 3233 4137 6571 3246 7086 4021 8766 1731 8139 9677 3152 6999 3543 89 475 5598 9054 1761 9830 4210 5752 6266
68 4992 9988 4488 6281 10 6795 5391 4511 2210 2211 9255 9128 8622 4145 2866 6204 2622 7487 9793 5326 5971 598 732 9824 5857 9059 5476 5863 1397 3965
69 7564 8216 2205 6048 1955 6052 6314 6571 2097 692 436 8630 52 8249 7484 2365 5820 8771 6855 9420 6483 6363 8161 9059 3046 4456 7531 3437 4977 6386 5247
70 6145 2436 6537 1419 23 4889 4761 4765 4381 420 1976 9144 8892 2621 6589 191 5195 2641 7122 4690 7379 3411 1498 91 2920 6005 6518 8822 3320 2935 8312
71 5120 3712 4995 5256 6920 1556 4504 682 6188 2734 1200 8639 8383 5830 852 1623 6746 6492 6748 609 996 4971 1776 4340 4981 3446 8182 5244 6524 7038
72 4993 8202 5643 6924 8845 3982 3213 410 1185 7970 1189 4007 1064 1448 5674 8619 9270 6711 3895 8129 706 9411 3913 6474 3928 5729 8547 2023 3818 2932 7929 9466 4860 7292
73 1284 1158 8842 8464 4257 1956 4773 2855 2856 2218 7093 6971 3132 576 2631 6857 209 6099 4313 8414 3556 2020 870 6633 4078 4335 5616 9073 8304 2545 5498 4346 1404 509
74 4096 6148 8581 2438 2185 7563 6414 6810 9118 4384 1571 681 1326 7988 6837 9274 3651 5323 1615 8015 5968 3025 2016 7907 6886 1270 2040 6009 5242 6653
75 8704 4354 8835 4105 8981 4886 8219 1955 8103 8874 7094 3512 7111 6225 8274 9044 5463 9560 5979 1117 3806 3679 9953 4196 4069 9064 6509 5491 6654
76 7936 5512 2826 8077 8846 909 9104 531 6294 1175 8094 7328 9889 1836 4014 3253 1848 8646 9543 1226 2000 9426 3411 5205 1622 6233 7267 8552 1385 9068 754 1266 6261 7805 1534
77 1664 6658 2700 9998 7312 7069 4768 6433 1571 1447 8616 695 5048 5947 5447 4682 2000 3548 1501 3811 4964 1893 3300 104 5484 620 506 5115 8189 5887
78 1922 2308 3212 1676 6159 2834 3731 2835 7442 278 8856 2584 7067 5916 4132 5801 6831 7218 2738 1588 7989 5443 4035 8005 5447 6735 4061 5231 1778 505 2427 8187 9599
79 8196 3849 5771 6412 2701 3728 402 8851 411 5533 925 4905 7598 942 561 2870 8247 7485 2622 6591 8896 5443 6217 3785 3532 599 5848 4318 6114 2147 3686 2413 9200 2674 2038 375 8951
80 2818 7813 6665 8846 1814 6166 1689 924 9120 9381 4390 5161 8491 9137 2995 6451 9527 7741 4295 4302 2898 210 5205 5078 4441 5340 9181 4067 3685 1524 7799 121 892
81 6658 4612 3591 1552 6547 8724 8218 7452 3872 5281 1195 8365 8884 8758 4160 9161 6221 1498 2268 1117 3936 5986 7907 3429 5865 494 6638 1648 4335 5107 6776 6521 7038
82 6147 6275 2563 4099 2316 7310 1553 7057 9498 5404 2978 8354 8229 4777 8369 1331 7347 5555 309 9784 7370 1613 1742 7503 5200 3153 7378 600 7645 2911 4580 7781 3956 1524 6646 5753 1917
83 1 3208 8074 7437 9618 4635 9249 3247 9137 9010 4406 9014 1977 5693 8133 8143 7505 6993 9178 4570 7136 1382 8039 6119 6509 2933 8182 2037
84 130 3715 3845 8838 5135 3993 1049 6558 673 6309 9768 2864 7351 4665 3389 7871 1349 6729 4810 9547 5713 6612 4830 4070 6632 744 5610 1515 5356 8435 6643
85 9603 390 8458 4875 9105 7701 3356 1950 4259 1833 7338 6057 6188 7977 2863 3248 303 6706 312 58 4540 2111 3010 6598 7239 3665 3284 9815 3422 2916 4580 997 7663 9072 7542 5367 2424 3581
86 6914 6158 784 6289 660 5151 5411 420 5542 1580 308 3000 8251 6207 3780 9542 1481 9808 9171 3028 3042 6371 8292 5098 6517 7800 6907 1916
87 6786 5003 9227 6029 6667 7183 5009 2581 9371 5404 3742 418 2978 4517 8107 5422 2352 3766 5950 1983 2753 335 2272 1126 5993 4334 2926 8305 4341 8442
88 8961 9366 538 8614 4007 9141 6966 3383 2486 184 9787 3899 9022 8385 8904 1612 7252 3926 9175 2264 8153 6104 6363 5604 2917 6756 871 4968 7780 5354 1644 8557 367 3069
89 2 6285 1685 8726 663 5279 7716 804 5427 5300 7608 2873 1213 9667 461 6735 3930 4570 1756 2780 740 1509 9958 9839 5488 6898 1271 9207 4217 2299 3452 3068
90 390 4873 3092 8343 1944 1822 4767 801 1954 1570 3745 5030 4776 6440 4904 1078 822 2489 3514 5693 573 1481 3404 3042 8803 9060 2543 6515 6649
91 9476 7 8200 2573 2582 160 4130 8226 9509 7463 1063 6439 2855 5422 2994 437 8124 191 1344 6593 6854 71 1620 3158 8919 9176 87 349 8929 2793 7914 7536 1525 7290 8316
92 4997 9224 9609 268 17 9750 1047 9497 414 7072 8739 4266 9260 4269 564 7990 952 9275 3392 5570 964 5190 3787 4558 5583 6608 8911 212 9563 4060 9442 228 3047 9581 5999 6015
93 4481 4360 652 8591 7827 9755 7845 5547 7346 1715 2997 6199 8760 6462 1093 5578 458 2766 206 2384 2133 2653 4318 1245 4448 865 3677 7140 7525 6502 8679 1646 1784 8060 2557
94 8837 5260 2062 9998 5267 9621 5014 666 2719 6433 2215 3247 6066 9779 4147 179 820 55 186 955 3785 6872 5856 9952 5093 1255 5745 8696 5115
95 3215 6032 538 6299 7711 7077 940 6320 4278 7607 4924 453 4680 4940 207 9423 9555 5078 982 3297 7278 1909 8824 7035 508 7165 7167
96 9601 4226 6022 6537 2314 912 533 9367 5272 1944 6558 4521 557 7095 4027 2236 7872 1476 5190 5453 7764 2646 8284 6878 2654 4707 3061 3063 1530 3451 8190
97 2188 7057 3091 7958 8599 7967 8740 4143 2867 1211 4800 321 9413 205 464 4438 9695 8674 3171 8942 1136 5872 9200 249 1787 2813
98 3585 6534 7433 5008 1682 2973 9889 1826 1318 3110 6832 8242 9397 1977 9657 189 6078 2879 6724 1736 2633 6729 2123 7885 9681 4187 5211 6367 7399 2920 1385 7531 7788 7149 748 6385 2290 7670 5366 1273
99 4481 6786 6534 1415 4617 3722 6924 656 5778 9237 8726 6553 6425 7323 1565 4141 8749 9654 2616 1097 5453 9038 4303 3289 4571 3804 1245 1500 9051 1764 5099 2155 5107
